  ****************************************************
  *    USAF STABILITY AND CONTROL  DIGITAL DATCOM    *
  *    PROGRAM REV. JAN 96   DIRECT INQUIRIES TO:    *
  *    WRIGHT LABORATORY  (WL/FIGC)  ATTN: W. BLAKE  *
  *      WRIGHT PATTERSON AFB, OHIO  45433           *
  *    PHONE (513) 255-6764,   FAX (513) 258-4054    *
  ****************************************************
1                         CONERR - INPUT ERROR CHECKING
0 ERROR CODES - N* DENOTES THE NUMBER OF OCCURENCES OF EACH ERROR
0 A - UNKNOWN VARIABLE NAME
0 B - MISSING EQUAL SIGN FOLLOWING VARIABLE NAME
0 C - NON-ARRAY VARIABLE HAS AN ARRAY ELEMENT DESIGNATION - (N)
0 D - NON-ARRAY VARIABLE HAS MULTIPLE VALUES ASSIGNED
0 E - ASSIGNED VALUES EXCEED ARRAY DIMENSION
0 F - SYNTAX ERROR

0******************************  INPUT DATA CARDS  ******************************

                                                                                 
  $FLTCON NALT=1.0,ALT(1)=10.0$                                                  
  $FLTCON NALPHA=4.0,ALSCHD(1)=-10.0,-9.0,                                       
  9.0,10.0,LOOP=2.0$                                                             
  $FLTCON NMACH=1.0,MACH(1)=0.08$                                                
  $SYNTHS XCG=0.0,ZCG=0.0$                                                       
  $SYNTHS XW=0.0,ZW=0.0$                                                         
  $SYNTHS XH=0.0,ZH=0.0$                                                         
  $SYNTHS XV=0.0,ZV=0.0$                                                         
 NACA-W-4-0012                                                                   
  $WGPLNF CHRDR=3.0$                                                             
  $WGPLNF CHRDTP=0.0001$                                                         
  $WGPLNF SSPN=5.6$                                                              
  $WGPLNF SSPNE=5.6$                                                             
  $WGPLNF SAVSI=-1.5108681716736887$                                             
  $WGPLNF TWISTA=1.1$                                                            
  $WGPLNF SAVSI=-1.5108681716736887$                                             
  $WGPLNF DHDADO=1.2$                                                            
  $WGPLNF DHDADI=1.2$                                                            
  $WGPLNF TYPE = 1.0,CHSTAT=0.25$                                                
 NACA-H-4-0012                                                                   
  $HTPLNF CHRDR=1.0$                                                             
  $HTPLNF CHRDTP=1.0$                                                            
  $HTPLNF SSPN=1.25$                                                             
  $HTPLNF SSPNE=1.25$                                                            
  $HTPLNF SAVSI=0.0$                                                             
  $HTPLNF TWISTA=1.1$                                                            
  $HTPLNF SAVSI=0.0$                                                             
  $HTPLNF DHDADO=1.3$                                                            
  $HTPLNF DHDADI=1.3$                                                            
  $HTPLNF TYPE = 1.0,CHSTAT=0.25$                                                
 NACA-V-4-0012                                                                   
  $VTPLNF CHRDR=1.0$                                                             
  $VTPLNF CHRDTP=0.6666666666666667$                                             
  $VTPLNF SSPN=1.25$                                                             
  $VTPLNF SSPNE=1.25$                                                            
  $VTPLNF SAVSI=30.0$                                                            
  $VTPLNF TWISTA=1.1$                                                            
  $VTPLNF SAVSI=30.0$                                                            
  $VTPLNF DHDADO=1.3$                                                            
  $VTPLNF DHDADI=1.3$                                                            
  $VTPLNF TYPE = 1.0,CHSTAT=0.25$                                                
 CASEID TESTCRAFT                                                                
 DIM M                                                                           
 DAMP                                                                            
 BUILD                                                                           
 NEXT CASE                                                                       
1          THE FOLLOWING IS A LIST OF ALL INPUT CARDS FOR THIS CASE.
0
                                                                                 
  $FLTCON NALT=1.0,ALT(1)=10.0$                                                  
  $FLTCON NALPHA=4.0,ALSCHD(1)=-10.0,-9.0,                                       
  9.0,10.0,LOOP=2.0$                                                             
  $FLTCON NMACH=1.0,MACH(1)=0.08$                                                
  $SYNTHS XCG=0.0,ZCG=0.0$                                                       
  $SYNTHS XW=0.0,ZW=0.0$                                                         
  $SYNTHS XH=0.0,ZH=0.0$                                                         
  $SYNTHS XV=0.0,ZV=0.0$                                                         
 NACA-W-4-0012                                                                   
  $WGPLNF CHRDR=3.0$                                                             
  $WGPLNF CHRDTP=0.0001$                                                         
  $WGPLNF SSPN=5.6$                                                              
  $WGPLNF SSPNE=5.6$                                                             
  $WGPLNF SAVSI=-1.5108681716736887$                                             
  $WGPLNF TWISTA=1.1$                                                            
  $WGPLNF SAVSI=-1.5108681716736887$                                             
  $WGPLNF DHDADO=1.2$                                                            
  $WGPLNF DHDADI=1.2$                                                            
  $WGPLNF TYPE = 1.0,CHSTAT=0.25$                                                
 NACA-H-4-0012                                                                   
  $HTPLNF CHRDR=1.0$                                                             
  $HTPLNF CHRDTP=1.0$                                                            
  $HTPLNF SSPN=1.25$                                                             
  $HTPLNF SSPNE=1.25$                                                            
  $HTPLNF SAVSI=0.0$                                                             
  $HTPLNF TWISTA=1.1$                                                            
  $HTPLNF SAVSI=0.0$                                                             
  $HTPLNF DHDADO=1.3$                                                            
  $HTPLNF DHDADI=1.3$                                                            
  $HTPLNF TYPE = 1.0,CHSTAT=0.25$                                                
 NACA-V-4-0012                                                                   
  $VTPLNF CHRDR=1.0$                                                             
  $VTPLNF CHRDTP=0.6666666666666667$                                             
  $VTPLNF SSPN=1.25$                                                             
  $VTPLNF SSPNE=1.25$                                                            
  $VTPLNF SAVSI=30.0$                                                            
  $VTPLNF TWISTA=1.1$                                                            
  $VTPLNF SAVSI=30.0$                                                            
  $VTPLNF DHDADO=1.3$                                                            
  $VTPLNF DHDADI=1.3$                                                            
  $VTPLNF TYPE = 1.0,CHSTAT=0.25$                                                
 CASEID TESTCRAFT                                                                
 DIM M                                                                           
 DAMP                                                                            
 BUILD                                                                           
 NEXT CASE                                                                       
0 INPUT DIMENSIONS ARE IN M , SCALE FACTOR IS 1.0000

1                             AUTOMATED STABILITY AND CONTROL METHODS PER APRIL 1976 VERSION OF DATCOM   
                                                        WING SECTION DEFINITION
0                                 IDEAL ANGLE OF ATTACK =   0.00000 DEG.

                              ZERO LIFT ANGLE OF ATTACK =   0.00000 DEG.

                                 IDEAL LIFT COEFFICIENT =   0.00000

                  ZERO LIFT PITCHING MOMENT COEFFICIENT =   0.00000

                             MACH ZERO LIFT-CURVE-SLOPE =   0.09596 /DEG.

                                    LEADING EDGE RADIUS =   0.01587 FRACTION CHORD

                              MAXIMUM AIRFOIL THICKNESS =   0.12000 FRACTION CHORD

                                                DELTA-Y =   3.16898 PERCENT CHORD


0                         MACH= 0.0800 LIFT-CURVE-SLOPE =   0.09622 /DEG.      XAC =   0.25852
1                             AUTOMATED STABILITY AND CONTROL METHODS PER APRIL 1976 VERSION OF DATCOM   
                                                   HORIZONTAL TAIL SECTION DEFINITION
0                                 IDEAL ANGLE OF ATTACK =   0.00000 DEG.

                              ZERO LIFT ANGLE OF ATTACK =   0.00000 DEG.

                                 IDEAL LIFT COEFFICIENT =   0.00000

                  ZERO LIFT PITCHING MOMENT COEFFICIENT =   0.00000

                             MACH ZERO LIFT-CURVE-SLOPE =   0.09596 /DEG.

                                    LEADING EDGE RADIUS =   0.01587 FRACTION CHORD

                              MAXIMUM AIRFOIL THICKNESS =   0.12000 FRACTION CHORD

                                                DELTA-Y =   3.16898 PERCENT CHORD


0                         MACH= 0.0800 LIFT-CURVE-SLOPE =   0.09622 /DEG.      XAC =   0.25852
1                             AUTOMATED STABILITY AND CONTROL METHODS PER APRIL 1976 VERSION OF DATCOM   
                                                    VERTICAL TAIL SECTION DEFINITION
0                                 IDEAL ANGLE OF ATTACK =   0.00000 DEG.

                              ZERO LIFT ANGLE OF ATTACK =   0.00000 DEG.

                                 IDEAL LIFT COEFFICIENT =   0.00000

                  ZERO LIFT PITCHING MOMENT COEFFICIENT =   0.00000

                             MACH ZERO LIFT-CURVE-SLOPE =   0.09596 /DEG.

                                    LEADING EDGE RADIUS =   0.01587 FRACTION CHORD

                              MAXIMUM AIRFOIL THICKNESS =   0.12000 FRACTION CHORD

                                                DELTA-Y =   3.16898 PERCENT CHORD


0                         MACH= 0.0800 LIFT-CURVE-SLOPE =   0.09622 /DEG.      XAC =   0.25852
1                               AUTOMATED STABILITY AND CONTROL METHODS PER APRIL 1976 VERSION OF DATCOM
                                         CHARACTERISTICS AT ANGLE OF ATTACK AND IN SIDESLIP
                                                      WING ALONE CONFIGURATION
                                                             TESTCRAFT
 
 -----------------------  FLIGHT CONDITIONS  ------------------------           --------------  REFERENCE DIMENSIONS  ------------
  MACH    ALTITUDE   VELOCITY    PRESSURE    TEMPERATURE     REYNOLDS             REF.      REFERENCE LENGTH   MOMENT REF. CENTER
 NUMBER                                                       NUMBER              AREA       LONG.     LAT.     HORIZ      VERT
              M        M/SEC      N/ M**2       DEG K         1/ M                M**2         M         M         M         M
0 0.080      10.00      27.22   1.0121E+05     288.085     1.8535E+06            16.801      2.000    11.200     0.000     0.000
0                                                               -------------------DERIVATIVE (PER DEGREE)-------------------
0 ALPHA     CD       CL       CM       CN       CA       XCP        CLA          CMA          CYB          CNB          CLB
0
  -10.0    0.062   -0.789    0.2942  -0.787   -0.076   -0.374    7.556E-02   -2.775E-02   -1.202E-04    1.220E-04   -1.003E-03
   -9.0    0.051   -0.702    0.2613  -0.702   -0.059   -0.372    8.593E-02   -3.276E-02   -1.202E-04    9.683E-05   -9.172E-04
    9.0    0.060    0.777   -0.2887   0.777   -0.062   -0.372    8.634E-02   -3.299E-02   -1.202E-04    1.185E-04    5.560E-04
   10.0    0.072    0.864   -0.3218   0.863   -0.079   -0.373    8.681E-02   -3.326E-02   -1.202E-04    1.464E-04    6.422E-04
1                               AUTOMATED STABILITY AND CONTROL METHODS PER APRIL 1976 VERSION OF DATCOM
                                                         DYNAMIC DERIVATIVES
                                                      WING ALONE CONFIGURATION
                                                             TESTCRAFT
 
 -----------------------  FLIGHT CONDITIONS  ------------------------           --------------  REFERENCE DIMENSIONS  ------------
  MACH    ALTITUDE   VELOCITY    PRESSURE    TEMPERATURE     REYNOLDS             REF.      REFERENCE LENGTH   MOMENT REF. CENTER
 NUMBER                                                       NUMBER              AREA       LONG.     LAT.     HORIZ      VERT
              M        M/SEC      N/ M**2       DEG K         1/ M                M**2         M         M         M         M
0 0.080      10.00      27.22   1.0121E+05     288.085     1.8535E+06            16.801      2.000    11.200     0.000     0.000
                                                    DYNAMIC DERIVATIVES (PER DEGREE)
0           -------PITCHING-------    -----ACCELERATION------    --------------ROLLING--------------    --------YAWING--------
0   ALPHA       CLQ          CMQ           CLAD         CMAD         CLP          CYP          CNP          CNR          CLR
0
   -10.00    9.327E-02   -3.154E-02       NDM          NDM       -5.902E-03    2.087E-03    8.659E-04   -1.518E-04      NDM 
    -9.00                                                        -5.867E-03    1.821E-03    7.730E-04   -1.311E-04      NDM 
     9.00                                                        -5.901E-03   -2.752E-03   -8.380E-04   -1.451E-04      NDM 
    10.00                                                        -5.941E-03   -3.020E-03   -9.314E-04   -1.675E-04      NDM 
0*** NDM PRINTED WHEN NO DATCOM METHODS EXIST
1                               AUTOMATED STABILITY AND CONTROL METHODS PER APRIL 1976 VERSION OF DATCOM
                                         CHARACTERISTICS AT ANGLE OF ATTACK AND IN SIDESLIP
                                                    HORIZONTAL TAIL CONFIGURATION
                                                             TESTCRAFT
 
 -----------------------  FLIGHT CONDITIONS  ------------------------           --------------  REFERENCE DIMENSIONS  ------------
  MACH    ALTITUDE   VELOCITY    PRESSURE    TEMPERATURE     REYNOLDS             REF.      REFERENCE LENGTH   MOMENT REF. CENTER
 NUMBER                                                       NUMBER              AREA       LONG.     LAT.     HORIZ      VERT
              M        M/SEC      N/ M**2       DEG K         1/ M                M**2         M         M         M         M
0 0.080      10.00      27.22   1.0121E+05     288.085     1.8535E+06            16.801      2.000    11.200     0.000     0.000
0                                                               -------------------DERIVATIVE (PER DEGREE)-------------------
0 ALPHA     CD       CL       CM       CN       CA       XCP        CLA          CMA          CYB          CNB          CLB
0
  -10.0    0.006   -0.072    0.0096  -0.072   -0.007   -0.133    6.913E-03   -8.128E-04   -1.302E-04    4.311E-06    6.997E-05
   -9.0    0.005   -0.065    0.0087  -0.065   -0.005   -0.134    6.983E-03   -8.384E-04   -1.302E-04    3.521E-06    6.276E-05
    9.0    0.006    0.072   -0.0105   0.072   -0.005   -0.146    6.600E-03   -1.070E-03   -1.302E-04    4.262E-06   -7.948E-05
   10.0    0.007    0.078   -0.0115   0.078   -0.007   -0.147    6.487E-03   -1.070E-03   -1.302E-04    5.075E-06   -8.627E-05
1                               AUTOMATED STABILITY AND CONTROL METHODS PER APRIL 1976 VERSION OF DATCOM
                                                         DYNAMIC DERIVATIVES
                                                    HORIZONTAL TAIL CONFIGURATION
                                                             TESTCRAFT
 
 -----------------------  FLIGHT CONDITIONS  ------------------------           --------------  REFERENCE DIMENSIONS  ------------
  MACH    ALTITUDE   VELOCITY    PRESSURE    TEMPERATURE     REYNOLDS             REF.      REFERENCE LENGTH   MOMENT REF. CENTER
 NUMBER                                                       NUMBER              AREA       LONG.     LAT.     HORIZ      VERT
              M        M/SEC      N/ M**2       DEG K         1/ M                M**2         M         M         M         M
0 0.080      10.00      27.22   1.0121E+05     288.085     1.8535E+06            16.801      2.000    11.200     0.000     0.000
                                                    DYNAMIC DERIVATIVES (PER DEGREE)
0           -------PITCHING-------    -----ACCELERATION------    --------------ROLLING--------------    --------YAWING--------
0   ALPHA       CLQ          CMQ           CLAD         CMAD         CLP          CYP          CNP          CNR          CLR
0
   -10.00    3.664E-03   -7.242E-04       NDM          NDM       -1.508E-05      NDM          NDM          NDM          NDM 
    -9.00                                                        -1.518E-05                                             NDM 
     9.00                                                        -1.442E-05                                             NDM 
    10.00                                                        -1.424E-05                                             NDM 
0*** NDM PRINTED WHEN NO DATCOM METHODS EXIST
1                               AUTOMATED STABILITY AND CONTROL METHODS PER APRIL 1976 VERSION OF DATCOM
                                         CHARACTERISTICS AT ANGLE OF ATTACK AND IN SIDESLIP
                                                     VERTICAL TAIL CONFIGURATION
                                                             TESTCRAFT
 
 -----------------------  FLIGHT CONDITIONS  ------------------------           --------------  REFERENCE DIMENSIONS  ------------
  MACH    ALTITUDE   VELOCITY    PRESSURE    TEMPERATURE     REYNOLDS             REF.      REFERENCE LENGTH   MOMENT REF. CENTER
 NUMBER                                                       NUMBER              AREA       LONG.     LAT.     HORIZ      VERT
              M        M/SEC      N/ M**2       DEG K         1/ M                M**2         M         M         M         M
0 0.080      10.00      27.22   1.0121E+05     288.085     1.8535E+06            16.801      2.000    11.200     0.000     0.000
0                                                               -------------------DERIVATIVE (PER DEGREE)-------------------
0 ALPHA     CD       CL       CM       CN       CA       XCP        CLA          CMA          CYB          CNB          CLB
0
  -10.0    0.000    0.000    0.0000   0.000    NDM     ******    0.000E+00    0.000E+00      NDM          NDM          NDM 
   -9.0                                                                                                                NDM 
    9.0                                                                                                                NDM 
   10.0                                                                                                                NDM 
0*** NDM PRINTED WHEN NO DATCOM METHODS EXIST
1                               AUTOMATED STABILITY AND CONTROL METHODS PER APRIL 1976 VERSION OF DATCOM
                                                         DYNAMIC DERIVATIVES
                                                     VERTICAL TAIL CONFIGURATION
                                                             TESTCRAFT
 
 -----------------------  FLIGHT CONDITIONS  ------------------------           --------------  REFERENCE DIMENSIONS  ------------
  MACH    ALTITUDE   VELOCITY    PRESSURE    TEMPERATURE     REYNOLDS             REF.      REFERENCE LENGTH   MOMENT REF. CENTER
 NUMBER                                                       NUMBER              AREA       LONG.     LAT.     HORIZ      VERT
              M        M/SEC      N/ M**2       DEG K         1/ M                M**2         M         M         M         M
0 0.080      10.00      27.22   1.0121E+05     288.085     1.8535E+06            16.801      2.000    11.200     0.000     0.000
                                                    DYNAMIC DERIVATIVES (PER DEGREE)
0           -------PITCHING-------    -----ACCELERATION------    --------------ROLLING--------------    --------YAWING--------
0   ALPHA       CLQ          CMQ           CLAD         CMAD         CLP          CYP          CNP          CNR          CLR
0
   -10.00      NDM          NDM           NDM          NDM          NDM          NDM          NDM          NDM          NDM 
    -9.00                                                           NDM          NDM          NDM          NDM          NDM 
     9.00                                                           NDM          NDM          NDM          NDM          NDM 
    10.00                                                           NDM          NDM          NDM          NDM          NDM 
0*** NDM PRINTED WHEN NO DATCOM METHODS EXIST
1          THE FOLLOWING IS A LIST OF ALL INPUT CARDS FOR THIS CASE.
0
1 END OF JOB.
